<?xml version="1.0" encoding="UTF-8"?>
<!-- Generated by org.testng.reporters.JUnitReportReporter -->
<testsuite skipped="0" hostname="LAPTOP-F09CTRIR" name="com.qa.test.PutAPITest" tests="1" failures="0" timestamp="23 Mar 2018 16:21:52 GMT" time="0.587" errors="0">
  <testcase name="putAPITest" time="0.587" classname="com.qa.test.PutAPITest"/>
</testsuite> <!-- com.qa.test.PutAPITest -->
