<?xml version="1.0" encoding="UTF-8"?>
<!-- Generated by org.testng.reporters.JUnitReportReporter -->
<testsuite skipped="0" hostname="LAPTOP-F09CTRIR" name="com.qa.test.GetAPITest" tests="2" failures="0" timestamp="24 Mar 2018 19:18:05 GMT" time="1.851" errors="0">
  <testcase name="getAPITestWithoutHeaders" time="1.291" classname="com.qa.test.GetAPITest"/>
  <testcase name="getAPITestWithHeader" time="0.560" classname="com.qa.test.GetAPITest"/>
</testsuite> <!-- com.qa.test.GetAPITest -->
