<?xml version="1.0" encoding="UTF-8"?>
<!-- Generated by org.testng.reporters.JUnitReportReporter -->
<testsuite skipped="0" hostname="LAPTOP-F09CTRIR" name="com.qa.test.PostAPITest" tests="1" failures="0" timestamp="23 Mar 2018 16:21:52 GMT" time="1.180" errors="0">
  <testcase name="postAPITest" time="1.180" classname="com.qa.test.PostAPITest"/>
</testsuite> <!-- com.qa.test.PostAPITest -->
